c:\users\adam\documents\visual studio 2015\projects\ray marcher\release\vc140.pdb
c:\users\adam\documents\visual studio 2015\projects\ray marcher\release\vertex.obj
c:\users\adam\documents\visual studio 2015\projects\ray marcher\release\vector3.obj
c:\users\adam\documents\visual studio 2015\projects\ray marcher\release\triangle.obj
c:\users\adam\documents\visual studio 2015\projects\ray marcher\release\time.obj
c:\users\adam\documents\visual studio 2015\projects\ray marcher\release\testscene.obj
c:\users\adam\documents\visual studio 2015\projects\ray marcher\release\sphereobject.obj
c:\users\adam\documents\visual studio 2015\projects\ray marcher\release\sdfobject.obj
c:\users\adam\documents\visual studio 2015\projects\ray marcher\release\scene4.obj
c:\users\adam\documents\visual studio 2015\projects\ray marcher\release\scene3.obj
c:\users\adam\documents\visual studio 2015\projects\ray marcher\release\scene2.obj
c:\users\adam\documents\visual studio 2015\projects\ray marcher\release\scene.obj
c:\users\adam\documents\visual studio 2015\projects\ray marcher\release\roundedboxobject.obj
c:\users\adam\documents\visual studio 2015\projects\ray marcher\release\meshobject.obj
c:\users\adam\documents\visual studio 2015\projects\ray marcher\release\main.obj
c:\users\adam\documents\visual studio 2015\projects\ray marcher\release\material.obj
c:\users\adam\documents\visual studio 2015\projects\ray marcher\release\drawer.obj
c:\users\adam\documents\visual studio 2015\projects\ray marcher\release\displacementobject.obj
c:\users\adam\documents\visual studio 2015\projects\ray marcher\release\compoundobject.obj
c:\users\adam\documents\visual studio 2015\projects\ray marcher\release\collisioninformation.obj
c:\users\adam\documents\visual studio 2015\projects\ray marcher\release\camera.obj
c:\users\adam\documents\visual studio 2015\projects\ray marcher\release\ray marcher.exe
c:\users\adam\documents\visual studio 2015\projects\ray marcher\release\ray marcher.ipdb
c:\users\adam\documents\visual studio 2015\projects\ray marcher\release\ray marcher.iobj
c:\users\adam\documents\visual studio 2015\projects\ray marcher\release\ray marcher.pdb
c:\users\adam\documents\visual studio 2015\projects\ray marcher\release\ray marcher.tlog\cl.command.1.tlog
c:\users\adam\documents\visual studio 2015\projects\ray marcher\release\ray marcher.tlog\cl.read.1.tlog
c:\users\adam\documents\visual studio 2015\projects\ray marcher\release\ray marcher.tlog\cl.write.1.tlog
c:\users\adam\documents\visual studio 2015\projects\ray marcher\release\ray marcher.tlog\link.command.1.tlog
c:\users\adam\documents\visual studio 2015\projects\ray marcher\release\ray marcher.tlog\link.read.1.tlog
c:\users\adam\documents\visual studio 2015\projects\ray marcher\release\ray marcher.tlog\link.write.1.tlog
