c:\users\adam\documents\visual studio 2015\projects\ray marcher\debug\vc140.pdb
c:\users\adam\documents\visual studio 2015\projects\ray marcher\debug\vc140.idb
c:\users\adam\documents\visual studio 2015\projects\ray marcher\debug\camera.obj
c:\users\adam\documents\visual studio 2015\projects\ray marcher\debug\collisioninformation.obj
c:\users\adam\documents\visual studio 2015\projects\ray marcher\debug\compoundobject.obj
c:\users\adam\documents\visual studio 2015\projects\ray marcher\debug\displacementobject.obj
c:\users\adam\documents\visual studio 2015\projects\ray marcher\debug\drawer.obj
c:\users\adam\documents\visual studio 2015\projects\ray marcher\debug\material.obj
c:\users\adam\documents\visual studio 2015\projects\ray marcher\debug\main.obj
c:\users\adam\documents\visual studio 2015\projects\ray marcher\debug\meshobject.obj
c:\users\adam\documents\visual studio 2015\projects\ray marcher\debug\roundedboxobject.obj
c:\users\adam\documents\visual studio 2015\projects\ray marcher\debug\scene.obj
c:\users\adam\documents\visual studio 2015\projects\ray marcher\debug\scene2.obj
c:\users\adam\documents\visual studio 2015\projects\ray marcher\debug\scene3.obj
c:\users\adam\documents\visual studio 2015\projects\ray marcher\debug\scene4.obj
c:\users\adam\documents\visual studio 2015\projects\ray marcher\debug\sdfobject.obj
c:\users\adam\documents\visual studio 2015\projects\ray marcher\debug\sphereobject.obj
c:\users\adam\documents\visual studio 2015\projects\ray marcher\debug\testscene.obj
c:\users\adam\documents\visual studio 2015\projects\ray marcher\debug\time.obj
c:\users\adam\documents\visual studio 2015\projects\ray marcher\debug\triangle.obj
c:\users\adam\documents\visual studio 2015\projects\ray marcher\debug\vector3.obj
c:\users\adam\documents\visual studio 2015\projects\ray marcher\debug\vertex.obj
c:\users\adam\documents\visual studio 2015\projects\ray marcher\debug\ray marcher.ilk
c:\users\adam\documents\visual studio 2015\projects\ray marcher\debug\ray marcher.exe
c:\users\adam\documents\visual studio 2015\projects\ray marcher\debug\ray marcher.pdb
c:\users\adam\documents\visual studio 2015\projects\ray marcher\debug\ray marcher.tlog\cl.command.1.tlog
c:\users\adam\documents\visual studio 2015\projects\ray marcher\debug\ray marcher.tlog\cl.read.1.tlog
c:\users\adam\documents\visual studio 2015\projects\ray marcher\debug\ray marcher.tlog\cl.write.1.tlog
c:\users\adam\documents\visual studio 2015\projects\ray marcher\debug\ray marcher.tlog\link.command.1.tlog
c:\users\adam\documents\visual studio 2015\projects\ray marcher\debug\ray marcher.tlog\link.read.1.tlog
c:\users\adam\documents\visual studio 2015\projects\ray marcher\debug\ray marcher.tlog\link.write.1.tlog
