  Vertex.cpp
c:\users\adam\documents\visual studio 2015\projects\ray marcher\vector3.cpp(122): warning C4244: 'initializing': conversion from 'double' to 'float', possible loss of data
c:\program files (x86)\microsoft visual studio 14.0\vc\include\numeric(110): warning C4996: 'std::inner_product::_Unchecked_iterators::_Deprecate': Call to 'std::inner_product' with parameters that may be unsafe - this call relies on the caller to check that the passed values are correct. To disable this warning, use -D_SCL_SECURE_NO_WARNINGS. See documentation on how to use Visual C++ 'Checked Iterators'
  c:\program files (x86)\microsoft visual studio 14.0\vc\include\numeric(110): note: see declaration of 'std::inner_product::_Unchecked_iterators::_Deprecate'
  c:\program files (x86)\microsoft visual studio 14.0\vc\include\numeric(139): note: see reference to function template instantiation '_Ty std::inner_product<_InIt1,_InIt2,_Ty,std::plus<void>,std::multiplies<void>>(_InIt1,_InIt1,_InIt2,_Ty,_Fn21,_Fn22)' being compiled
          with
          [
              _Ty=double,
              _InIt1=double *,
              _InIt2=double *,
              _Fn21=std::plus<void>,
              _Fn22=std::multiplies<void>
          ]
  c:\users\adam\documents\visual studio 2015\projects\ray marcher\vector3.cpp(122): note: see reference to function template instantiation '_Ty std::inner_product<_Ty*,_Ty*,double>(_InIt1,_InIt1,_InIt2,_Ty)' being compiled
          with
          [
              _Ty=double,
              _InIt1=double *,
              _InIt2=double *
          ]
  Vector3.cpp
c:\users\adam\documents\visual studio 2015\projects\ray marcher\vector3.cpp(122): warning C4244: 'initializing': conversion from 'double' to 'float', possible loss of data
c:\program files (x86)\microsoft visual studio 14.0\vc\include\numeric(110): warning C4996: 'std::inner_product::_Unchecked_iterators::_Deprecate': Call to 'std::inner_product' with parameters that may be unsafe - this call relies on the caller to check that the passed values are correct. To disable this warning, use -D_SCL_SECURE_NO_WARNINGS. See documentation on how to use Visual C++ 'Checked Iterators'
  c:\program files (x86)\microsoft visual studio 14.0\vc\include\numeric(110): note: see declaration of 'std::inner_product::_Unchecked_iterators::_Deprecate'
  c:\program files (x86)\microsoft visual studio 14.0\vc\include\numeric(139): note: see reference to function template instantiation '_Ty std::inner_product<_InIt1,_InIt2,_Ty,std::plus<void>,std::multiplies<void>>(_InIt1,_InIt1,_InIt2,_Ty,_Fn21,_Fn22)' being compiled
          with
          [
              _Ty=double,
              _InIt1=double *,
              _InIt2=double *,
              _Fn21=std::plus<void>,
              _Fn22=std::multiplies<void>
          ]
  c:\users\adam\documents\visual studio 2015\projects\ray marcher\vector3.cpp(122): note: see reference to function template instantiation '_Ty std::inner_product<_Ty*,_Ty*,double>(_InIt1,_InIt1,_InIt2,_Ty)' being compiled
          with
          [
              _Ty=double,
              _InIt1=double *,
              _InIt2=double *
          ]
  Triangle.cpp
c:\users\adam\documents\visual studio 2015\projects\ray marcher\vector3.cpp(122): warning C4244: 'initializing': conversion from 'double' to 'float', possible loss of data
c:\program files (x86)\microsoft visual studio 14.0\vc\include\numeric(110): warning C4996: 'std::inner_product::_Unchecked_iterators::_Deprecate': Call to 'std::inner_product' with parameters that may be unsafe - this call relies on the caller to check that the passed values are correct. To disable this warning, use -D_SCL_SECURE_NO_WARNINGS. See documentation on how to use Visual C++ 'Checked Iterators'
  c:\program files (x86)\microsoft visual studio 14.0\vc\include\numeric(110): note: see declaration of 'std::inner_product::_Unchecked_iterators::_Deprecate'
  c:\program files (x86)\microsoft visual studio 14.0\vc\include\numeric(139): note: see reference to function template instantiation '_Ty std::inner_product<_InIt1,_InIt2,_Ty,std::plus<void>,std::multiplies<void>>(_InIt1,_InIt1,_InIt2,_Ty,_Fn21,_Fn22)' being compiled
          with
          [
              _Ty=double,
              _InIt1=double *,
              _InIt2=double *,
              _Fn21=std::plus<void>,
              _Fn22=std::multiplies<void>
          ]
  c:\users\adam\documents\visual studio 2015\projects\ray marcher\vector3.cpp(122): note: see reference to function template instantiation '_Ty std::inner_product<_Ty*,_Ty*,double>(_InIt1,_InIt1,_InIt2,_Ty)' being compiled
          with
          [
              _Ty=double,
              _InIt1=double *,
              _InIt2=double *
          ]
  Time.cpp
c:\users\adam\documents\visual studio 2015\projects\ray marcher\time.cpp(18): warning C4244: '=': conversion from 'long' to 'float', possible loss of data
c:\users\adam\documents\visual studio 2015\projects\ray marcher\time.cpp(24): warning C4244: 'return': conversion from 'Uint32' to 'float', possible loss of data
  TestScene.cpp
c:\users\adam\documents\visual studio 2015\projects\ray marcher\vector3.cpp(122): warning C4244: 'initializing': conversion from 'double' to 'float', possible loss of data
c:\users\adam\documents\visual studio 2015\projects\ray marcher\material.cpp(32): warning C4305: '*=': truncation from 'double' to 'float'
c:\users\adam\documents\visual studio 2015\projects\ray marcher\time.cpp(18): warning C4244: '=': conversion from 'long' to 'float', possible loss of data
c:\users\adam\documents\visual studio 2015\projects\ray marcher\time.cpp(24): warning C4244: 'return': conversion from 'Uint32' to 'float', possible loss of data
c:\users\adam\documents\visual studio 2015\projects\ray marcher\collisioninformation.cpp(2): warning C4099: 'SdfObject': type name first seen using 'struct' now seen using 'class'
  c:\users\adam\documents\visual studio 2015\projects\ray marcher\sdfobject.cpp(7): note: see declaration of 'SdfObject'
c:\program files (x86)\microsoft visual studio 14.0\vc\include\numeric(110): warning C4996: 'std::inner_product::_Unchecked_iterators::_Deprecate': Call to 'std::inner_product' with parameters that may be unsafe - this call relies on the caller to check that the passed values are correct. To disable this warning, use -D_SCL_SECURE_NO_WARNINGS. See documentation on how to use Visual C++ 'Checked Iterators'
  c:\program files (x86)\microsoft visual studio 14.0\vc\include\numeric(110): note: see declaration of 'std::inner_product::_Unchecked_iterators::_Deprecate'
  c:\program files (x86)\microsoft visual studio 14.0\vc\include\numeric(139): note: see reference to function template instantiation '_Ty std::inner_product<_InIt1,_InIt2,_Ty,std::plus<void>,std::multiplies<void>>(_InIt1,_InIt1,_InIt2,_Ty,_Fn21,_Fn22)' being compiled
          with
          [
              _Ty=double,
              _InIt1=double *,
              _InIt2=double *,
              _Fn21=std::plus<void>,
              _Fn22=std::multiplies<void>
          ]
  c:\users\adam\documents\visual studio 2015\projects\ray marcher\vector3.cpp(122): note: see reference to function template instantiation '_Ty std::inner_product<_Ty*,_Ty*,double>(_InIt1,_InIt1,_InIt2,_Ty)' being compiled
          with
          [
              _Ty=double,
              _InIt1=double *,
              _InIt2=double *
          ]
  SphereObject.cpp
c:\users\adam\documents\visual studio 2015\projects\ray marcher\vector3.cpp(122): warning C4244: 'initializing': conversion from 'double' to 'float', possible loss of data
c:\users\adam\documents\visual studio 2015\projects\ray marcher\material.cpp(32): warning C4305: '*=': truncation from 'double' to 'float'
c:\program files (x86)\microsoft visual studio 14.0\vc\include\numeric(110): warning C4996: 'std::inner_product::_Unchecked_iterators::_Deprecate': Call to 'std::inner_product' with parameters that may be unsafe - this call relies on the caller to check that the passed values are correct. To disable this warning, use -D_SCL_SECURE_NO_WARNINGS. See documentation on how to use Visual C++ 'Checked Iterators'
  c:\program files (x86)\microsoft visual studio 14.0\vc\include\numeric(110): note: see declaration of 'std::inner_product::_Unchecked_iterators::_Deprecate'
  c:\program files (x86)\microsoft visual studio 14.0\vc\include\numeric(139): note: see reference to function template instantiation '_Ty std::inner_product<_InIt1,_InIt2,_Ty,std::plus<void>,std::multiplies<void>>(_InIt1,_InIt1,_InIt2,_Ty,_Fn21,_Fn22)' being compiled
          with
          [
              _Ty=double,
              _InIt1=double *,
              _InIt2=double *,
              _Fn21=std::plus<void>,
              _Fn22=std::multiplies<void>
          ]
  c:\users\adam\documents\visual studio 2015\projects\ray marcher\vector3.cpp(122): note: see reference to function template instantiation '_Ty std::inner_product<_Ty*,_Ty*,double>(_InIt1,_InIt1,_InIt2,_Ty)' being compiled
          with
          [
              _Ty=double,
              _InIt1=double *,
              _InIt2=double *
          ]
  SdfObject.cpp
c:\users\adam\documents\visual studio 2015\projects\ray marcher\vector3.cpp(122): warning C4244: 'initializing': conversion from 'double' to 'float', possible loss of data
c:\users\adam\documents\visual studio 2015\projects\ray marcher\material.cpp(32): warning C4305: '*=': truncation from 'double' to 'float'
c:\program files (x86)\microsoft visual studio 14.0\vc\include\numeric(110): warning C4996: 'std::inner_product::_Unchecked_iterators::_Deprecate': Call to 'std::inner_product' with parameters that may be unsafe - this call relies on the caller to check that the passed values are correct. To disable this warning, use -D_SCL_SECURE_NO_WARNINGS. See documentation on how to use Visual C++ 'Checked Iterators'
  c:\program files (x86)\microsoft visual studio 14.0\vc\include\numeric(110): note: see declaration of 'std::inner_product::_Unchecked_iterators::_Deprecate'
  c:\program files (x86)\microsoft visual studio 14.0\vc\include\numeric(139): note: see reference to function template instantiation '_Ty std::inner_product<_InIt1,_InIt2,_Ty,std::plus<void>,std::multiplies<void>>(_InIt1,_InIt1,_InIt2,_Ty,_Fn21,_Fn22)' being compiled
          with
          [
              _Ty=double,
              _InIt1=double *,
              _InIt2=double *,
              _Fn21=std::plus<void>,
              _Fn22=std::multiplies<void>
          ]
  c:\users\adam\documents\visual studio 2015\projects\ray marcher\vector3.cpp(122): note: see reference to function template instantiation '_Ty std::inner_product<_Ty*,_Ty*,double>(_InIt1,_InIt1,_InIt2,_Ty)' being compiled
          with
          [
              _Ty=double,
              _InIt1=double *,
              _InIt2=double *
          ]
  Scene4.cpp
c:\users\adam\documents\visual studio 2015\projects\ray marcher\vector3.cpp(122): warning C4244: 'initializing': conversion from 'double' to 'float', possible loss of data
c:\users\adam\documents\visual studio 2015\projects\ray marcher\material.cpp(32): warning C4305: '*=': truncation from 'double' to 'float'
c:\users\adam\documents\visual studio 2015\projects\ray marcher\time.cpp(18): warning C4244: '=': conversion from 'long' to 'float', possible loss of data
c:\users\adam\documents\visual studio 2015\projects\ray marcher\time.cpp(24): warning C4244: 'return': conversion from 'Uint32' to 'float', possible loss of data
c:\users\adam\documents\visual studio 2015\projects\ray marcher\collisioninformation.cpp(2): warning C4099: 'SdfObject': type name first seen using 'struct' now seen using 'class'
  c:\users\adam\documents\visual studio 2015\projects\ray marcher\sdfobject.cpp(7): note: see declaration of 'SdfObject'
c:\program files (x86)\microsoft visual studio 14.0\vc\include\numeric(110): warning C4996: 'std::inner_product::_Unchecked_iterators::_Deprecate': Call to 'std::inner_product' with parameters that may be unsafe - this call relies on the caller to check that the passed values are correct. To disable this warning, use -D_SCL_SECURE_NO_WARNINGS. See documentation on how to use Visual C++ 'Checked Iterators'
  c:\program files (x86)\microsoft visual studio 14.0\vc\include\numeric(110): note: see declaration of 'std::inner_product::_Unchecked_iterators::_Deprecate'
  c:\program files (x86)\microsoft visual studio 14.0\vc\include\numeric(139): note: see reference to function template instantiation '_Ty std::inner_product<_InIt1,_InIt2,_Ty,std::plus<void>,std::multiplies<void>>(_InIt1,_InIt1,_InIt2,_Ty,_Fn21,_Fn22)' being compiled
          with
          [
              _Ty=double,
              _InIt1=double *,
              _InIt2=double *,
              _Fn21=std::plus<void>,
              _Fn22=std::multiplies<void>
          ]
  c:\users\adam\documents\visual studio 2015\projects\ray marcher\vector3.cpp(122): note: see reference to function template instantiation '_Ty std::inner_product<_Ty*,_Ty*,double>(_InIt1,_InIt1,_InIt2,_Ty)' being compiled
          with
          [
              _Ty=double,
              _InIt1=double *,
              _InIt2=double *
          ]
  Scene3.cpp
c:\users\adam\documents\visual studio 2015\projects\ray marcher\vector3.cpp(122): warning C4244: 'initializing': conversion from 'double' to 'float', possible loss of data
c:\users\adam\documents\visual studio 2015\projects\ray marcher\material.cpp(32): warning C4305: '*=': truncation from 'double' to 'float'
c:\users\adam\documents\visual studio 2015\projects\ray marcher\time.cpp(18): warning C4244: '=': conversion from 'long' to 'float', possible loss of data
c:\users\adam\documents\visual studio 2015\projects\ray marcher\time.cpp(24): warning C4244: 'return': conversion from 'Uint32' to 'float', possible loss of data
c:\users\adam\documents\visual studio 2015\projects\ray marcher\collisioninformation.cpp(2): warning C4099: 'SdfObject': type name first seen using 'struct' now seen using 'class'
  c:\users\adam\documents\visual studio 2015\projects\ray marcher\sdfobject.cpp(7): note: see declaration of 'SdfObject'
c:\program files (x86)\microsoft visual studio 14.0\vc\include\numeric(110): warning C4996: 'std::inner_product::_Unchecked_iterators::_Deprecate': Call to 'std::inner_product' with parameters that may be unsafe - this call relies on the caller to check that the passed values are correct. To disable this warning, use -D_SCL_SECURE_NO_WARNINGS. See documentation on how to use Visual C++ 'Checked Iterators'
  c:\program files (x86)\microsoft visual studio 14.0\vc\include\numeric(110): note: see declaration of 'std::inner_product::_Unchecked_iterators::_Deprecate'
  c:\program files (x86)\microsoft visual studio 14.0\vc\include\numeric(139): note: see reference to function template instantiation '_Ty std::inner_product<_InIt1,_InIt2,_Ty,std::plus<void>,std::multiplies<void>>(_InIt1,_InIt1,_InIt2,_Ty,_Fn21,_Fn22)' being compiled
          with
          [
              _Ty=double,
              _InIt1=double *,
              _InIt2=double *,
              _Fn21=std::plus<void>,
              _Fn22=std::multiplies<void>
          ]
  c:\users\adam\documents\visual studio 2015\projects\ray marcher\vector3.cpp(122): note: see reference to function template instantiation '_Ty std::inner_product<_Ty*,_Ty*,double>(_InIt1,_InIt1,_InIt2,_Ty)' being compiled
          with
          [
              _Ty=double,
              _InIt1=double *,
              _InIt2=double *
          ]
  Scene2.cpp
c:\users\adam\documents\visual studio 2015\projects\ray marcher\vector3.cpp(122): warning C4244: 'initializing': conversion from 'double' to 'float', possible loss of data
c:\users\adam\documents\visual studio 2015\projects\ray marcher\material.cpp(32): warning C4305: '*=': truncation from 'double' to 'float'
c:\users\adam\documents\visual studio 2015\projects\ray marcher\time.cpp(18): warning C4244: '=': conversion from 'long' to 'float', possible loss of data
c:\users\adam\documents\visual studio 2015\projects\ray marcher\time.cpp(24): warning C4244: 'return': conversion from 'Uint32' to 'float', possible loss of data
c:\users\adam\documents\visual studio 2015\projects\ray marcher\collisioninformation.cpp(2): warning C4099: 'SdfObject': type name first seen using 'struct' now seen using 'class'
  c:\users\adam\documents\visual studio 2015\projects\ray marcher\sdfobject.cpp(7): note: see declaration of 'SdfObject'
c:\program files (x86)\microsoft visual studio 14.0\vc\include\numeric(110): warning C4996: 'std::inner_product::_Unchecked_iterators::_Deprecate': Call to 'std::inner_product' with parameters that may be unsafe - this call relies on the caller to check that the passed values are correct. To disable this warning, use -D_SCL_SECURE_NO_WARNINGS. See documentation on how to use Visual C++ 'Checked Iterators'
  c:\program files (x86)\microsoft visual studio 14.0\vc\include\numeric(110): note: see declaration of 'std::inner_product::_Unchecked_iterators::_Deprecate'
  c:\program files (x86)\microsoft visual studio 14.0\vc\include\numeric(139): note: see reference to function template instantiation '_Ty std::inner_product<_InIt1,_InIt2,_Ty,std::plus<void>,std::multiplies<void>>(_InIt1,_InIt1,_InIt2,_Ty,_Fn21,_Fn22)' being compiled
          with
          [
              _Ty=double,
              _InIt1=double *,
              _InIt2=double *,
              _Fn21=std::plus<void>,
              _Fn22=std::multiplies<void>
          ]
  c:\users\adam\documents\visual studio 2015\projects\ray marcher\vector3.cpp(122): note: see reference to function template instantiation '_Ty std::inner_product<_Ty*,_Ty*,double>(_InIt1,_InIt1,_InIt2,_Ty)' being compiled
          with
          [
              _Ty=double,
              _InIt1=double *,
              _InIt2=double *
          ]
  Scene.cpp
c:\users\adam\documents\visual studio 2015\projects\ray marcher\vector3.cpp(122): warning C4244: 'initializing': conversion from 'double' to 'float', possible loss of data
c:\users\adam\documents\visual studio 2015\projects\ray marcher\material.cpp(32): warning C4305: '*=': truncation from 'double' to 'float'
c:\users\adam\documents\visual studio 2015\projects\ray marcher\time.cpp(18): warning C4244: '=': conversion from 'long' to 'float', possible loss of data
c:\users\adam\documents\visual studio 2015\projects\ray marcher\time.cpp(24): warning C4244: 'return': conversion from 'Uint32' to 'float', possible loss of data
c:\users\adam\documents\visual studio 2015\projects\ray marcher\collisioninformation.cpp(2): warning C4099: 'SdfObject': type name first seen using 'struct' now seen using 'class'
  c:\users\adam\documents\visual studio 2015\projects\ray marcher\sdfobject.cpp(7): note: see declaration of 'SdfObject'
c:\program files (x86)\microsoft visual studio 14.0\vc\include\numeric(110): warning C4996: 'std::inner_product::_Unchecked_iterators::_Deprecate': Call to 'std::inner_product' with parameters that may be unsafe - this call relies on the caller to check that the passed values are correct. To disable this warning, use -D_SCL_SECURE_NO_WARNINGS. See documentation on how to use Visual C++ 'Checked Iterators'
  c:\program files (x86)\microsoft visual studio 14.0\vc\include\numeric(110): note: see declaration of 'std::inner_product::_Unchecked_iterators::_Deprecate'
  c:\program files (x86)\microsoft visual studio 14.0\vc\include\numeric(139): note: see reference to function template instantiation '_Ty std::inner_product<_InIt1,_InIt2,_Ty,std::plus<void>,std::multiplies<void>>(_InIt1,_InIt1,_InIt2,_Ty,_Fn21,_Fn22)' being compiled
          with
          [
              _Ty=double,
              _InIt1=double *,
              _InIt2=double *,
              _Fn21=std::plus<void>,
              _Fn22=std::multiplies<void>
          ]
  c:\users\adam\documents\visual studio 2015\projects\ray marcher\vector3.cpp(122): note: see reference to function template instantiation '_Ty std::inner_product<_Ty*,_Ty*,double>(_InIt1,_InIt1,_InIt2,_Ty)' being compiled
          with
          [
              _Ty=double,
              _InIt1=double *,
              _InIt2=double *
          ]
  RoundedBoxObject.cpp
c:\users\adam\documents\visual studio 2015\projects\ray marcher\vector3.cpp(122): warning C4244: 'initializing': conversion from 'double' to 'float', possible loss of data
c:\users\adam\documents\visual studio 2015\projects\ray marcher\material.cpp(32): warning C4305: '*=': truncation from 'double' to 'float'
c:\program files (x86)\microsoft visual studio 14.0\vc\include\numeric(110): warning C4996: 'std::inner_product::_Unchecked_iterators::_Deprecate': Call to 'std::inner_product' with parameters that may be unsafe - this call relies on the caller to check that the passed values are correct. To disable this warning, use -D_SCL_SECURE_NO_WARNINGS. See documentation on how to use Visual C++ 'Checked Iterators'
  c:\program files (x86)\microsoft visual studio 14.0\vc\include\numeric(110): note: see declaration of 'std::inner_product::_Unchecked_iterators::_Deprecate'
  c:\program files (x86)\microsoft visual studio 14.0\vc\include\numeric(139): note: see reference to function template instantiation '_Ty std::inner_product<_InIt1,_InIt2,_Ty,std::plus<void>,std::multiplies<void>>(_InIt1,_InIt1,_InIt2,_Ty,_Fn21,_Fn22)' being compiled
          with
          [
              _Ty=double,
              _InIt1=double *,
              _InIt2=double *,
              _Fn21=std::plus<void>,
              _Fn22=std::multiplies<void>
          ]
  c:\users\adam\documents\visual studio 2015\projects\ray marcher\vector3.cpp(122): note: see reference to function template instantiation '_Ty std::inner_product<_Ty*,_Ty*,double>(_InIt1,_InIt1,_InIt2,_Ty)' being compiled
          with
          [
              _Ty=double,
              _InIt1=double *,
              _InIt2=double *
          ]
  MeshObject.cpp
c:\users\adam\documents\visual studio 2015\projects\ray marcher\vector3.cpp(122): warning C4244: 'initializing': conversion from 'double' to 'float', possible loss of data
c:\program files (x86)\microsoft visual studio 14.0\vc\include\numeric(110): warning C4996: 'std::inner_product::_Unchecked_iterators::_Deprecate': Call to 'std::inner_product' with parameters that may be unsafe - this call relies on the caller to check that the passed values are correct. To disable this warning, use -D_SCL_SECURE_NO_WARNINGS. See documentation on how to use Visual C++ 'Checked Iterators'
  c:\program files (x86)\microsoft visual studio 14.0\vc\include\numeric(110): note: see declaration of 'std::inner_product::_Unchecked_iterators::_Deprecate'
  c:\program files (x86)\microsoft visual studio 14.0\vc\include\numeric(139): note: see reference to function template instantiation '_Ty std::inner_product<_InIt1,_InIt2,_Ty,std::plus<void>,std::multiplies<void>>(_InIt1,_InIt1,_InIt2,_Ty,_Fn21,_Fn22)' being compiled
          with
          [
              _Ty=double,
              _InIt1=double *,
              _InIt2=double *,
              _Fn21=std::plus<void>,
              _Fn22=std::multiplies<void>
          ]
  c:\users\adam\documents\visual studio 2015\projects\ray marcher\vector3.cpp(122): note: see reference to function template instantiation '_Ty std::inner_product<_Ty*,_Ty*,double>(_InIt1,_InIt1,_InIt2,_Ty)' being compiled
          with
          [
              _Ty=double,
              _InIt1=double *,
              _InIt2=double *
          ]
  main.cpp
c:\users\adam\documents\visual studio 2015\projects\ray marcher\vector3.cpp(122): warning C4244: 'initializing': conversion from 'double' to 'float', possible loss of data
c:\users\adam\documents\visual studio 2015\projects\ray marcher\material.cpp(32): warning C4305: '*=': truncation from 'double' to 'float'
c:\users\adam\documents\visual studio 2015\projects\ray marcher\time.cpp(18): warning C4244: '=': conversion from 'long' to 'float', possible loss of data
c:\users\adam\documents\visual studio 2015\projects\ray marcher\time.cpp(24): warning C4244: 'return': conversion from 'Uint32' to 'float', possible loss of data
c:\users\adam\documents\visual studio 2015\projects\ray marcher\collisioninformation.cpp(2): warning C4099: 'SdfObject': type name first seen using 'struct' now seen using 'class'
  c:\users\adam\documents\visual studio 2015\projects\ray marcher\sdfobject.cpp(7): note: see declaration of 'SdfObject'
c:\users\adam\documents\visual studio 2015\projects\ray marcher\main.cpp(10): warning C4244: 'initializing': conversion from 'double' to 'int', possible loss of data
c:\users\adam\documents\visual studio 2015\projects\ray marcher\main.cpp(11): warning C4244: 'initializing': conversion from 'double' to 'int', possible loss of data
c:\users\adam\documents\visual studio 2015\projects\ray marcher\main.cpp(12): warning C4305: 'initializing': truncation from 'double' to 'float'
c:\users\adam\documents\visual studio 2015\projects\ray marcher\main.cpp(53): warning C4244: 'argument': conversion from 'const float' to 'Uint8', possible loss of data
c:\users\adam\documents\visual studio 2015\projects\ray marcher\main.cpp(65): warning C4018: '<': signed/unsigned mismatch
c:\users\adam\documents\visual studio 2015\projects\ray marcher\main.cpp(73): warning C4244: 'argument': conversion from 'const int' to 'float', possible loss of data
c:\program files (x86)\microsoft visual studio 14.0\vc\include\numeric(110): warning C4996: 'std::inner_product::_Unchecked_iterators::_Deprecate': Call to 'std::inner_product' with parameters that may be unsafe - this call relies on the caller to check that the passed values are correct. To disable this warning, use -D_SCL_SECURE_NO_WARNINGS. See documentation on how to use Visual C++ 'Checked Iterators'
  c:\program files (x86)\microsoft visual studio 14.0\vc\include\numeric(110): note: see declaration of 'std::inner_product::_Unchecked_iterators::_Deprecate'
  c:\program files (x86)\microsoft visual studio 14.0\vc\include\numeric(139): note: see reference to function template instantiation '_Ty std::inner_product<_InIt1,_InIt2,_Ty,std::plus<void>,std::multiplies<void>>(_InIt1,_InIt1,_InIt2,_Ty,_Fn21,_Fn22)' being compiled
          with
          [
              _Ty=double,
              _InIt1=double *,
              _InIt2=double *,
              _Fn21=std::plus<void>,
              _Fn22=std::multiplies<void>
          ]
  c:\users\adam\documents\visual studio 2015\projects\ray marcher\vector3.cpp(122): note: see reference to function template instantiation '_Ty std::inner_product<_Ty*,_Ty*,double>(_InIt1,_InIt1,_InIt2,_Ty)' being compiled
          with
          [
              _Ty=double,
              _InIt1=double *,
              _InIt2=double *
          ]
  Material.cpp
c:\users\adam\documents\visual studio 2015\projects\ray marcher\vector3.cpp(122): warning C4244: 'initializing': conversion from 'double' to 'float', possible loss of data
c:\users\adam\documents\visual studio 2015\projects\ray marcher\material.cpp(32): warning C4305: '*=': truncation from 'double' to 'float'
c:\users\adam\documents\visual studio 2015\projects\ray marcher\material.cpp(54): warning C4244: '=': conversion from 'double' to 'float', possible loss of data
c:\program files (x86)\microsoft visual studio 14.0\vc\include\numeric(110): warning C4996: 'std::inner_product::_Unchecked_iterators::_Deprecate': Call to 'std::inner_product' with parameters that may be unsafe - this call relies on the caller to check that the passed values are correct. To disable this warning, use -D_SCL_SECURE_NO_WARNINGS. See documentation on how to use Visual C++ 'Checked Iterators'
  c:\program files (x86)\microsoft visual studio 14.0\vc\include\numeric(110): note: see declaration of 'std::inner_product::_Unchecked_iterators::_Deprecate'
  c:\program files (x86)\microsoft visual studio 14.0\vc\include\numeric(139): note: see reference to function template instantiation '_Ty std::inner_product<_InIt1,_InIt2,_Ty,std::plus<void>,std::multiplies<void>>(_InIt1,_InIt1,_InIt2,_Ty,_Fn21,_Fn22)' being compiled
          with
          [
              _Ty=double,
              _InIt1=double *,
              _InIt2=double *,
              _Fn21=std::plus<void>,
              _Fn22=std::multiplies<void>
          ]
  c:\users\adam\documents\visual studio 2015\projects\ray marcher\vector3.cpp(122): note: see reference to function template instantiation '_Ty std::inner_product<_Ty*,_Ty*,double>(_InIt1,_InIt1,_InIt2,_Ty)' being compiled
          with
          [
              _Ty=double,
              _InIt1=double *,
              _InIt2=double *
          ]
  Drawer.cpp
  DisplacementObject.cpp
c:\users\adam\documents\visual studio 2015\projects\ray marcher\vector3.cpp(122): warning C4244: 'initializing': conversion from 'double' to 'float', possible loss of data
c:\users\adam\documents\visual studio 2015\projects\ray marcher\material.cpp(32): warning C4305: '*=': truncation from 'double' to 'float'
c:\program files (x86)\microsoft visual studio 14.0\vc\include\numeric(110): warning C4996: 'std::inner_product::_Unchecked_iterators::_Deprecate': Call to 'std::inner_product' with parameters that may be unsafe - this call relies on the caller to check that the passed values are correct. To disable this warning, use -D_SCL_SECURE_NO_WARNINGS. See documentation on how to use Visual C++ 'Checked Iterators'
  c:\program files (x86)\microsoft visual studio 14.0\vc\include\numeric(110): note: see declaration of 'std::inner_product::_Unchecked_iterators::_Deprecate'
  c:\program files (x86)\microsoft visual studio 14.0\vc\include\numeric(139): note: see reference to function template instantiation '_Ty std::inner_product<_InIt1,_InIt2,_Ty,std::plus<void>,std::multiplies<void>>(_InIt1,_InIt1,_InIt2,_Ty,_Fn21,_Fn22)' being compiled
          with
          [
              _Ty=double,
              _InIt1=double *,
              _InIt2=double *,
              _Fn21=std::plus<void>,
              _Fn22=std::multiplies<void>
          ]
  c:\users\adam\documents\visual studio 2015\projects\ray marcher\vector3.cpp(122): note: see reference to function template instantiation '_Ty std::inner_product<_Ty*,_Ty*,double>(_InIt1,_InIt1,_InIt2,_Ty)' being compiled
          with
          [
              _Ty=double,
              _InIt1=double *,
              _InIt2=double *
          ]
  CompoundObject.cpp
c:\users\adam\documents\visual studio 2015\projects\ray marcher\vector3.cpp(122): warning C4244: 'initializing': conversion from 'double' to 'float', possible loss of data
c:\users\adam\documents\visual studio 2015\projects\ray marcher\material.cpp(32): warning C4305: '*=': truncation from 'double' to 'float'
c:\program files (x86)\microsoft visual studio 14.0\vc\include\numeric(110): warning C4996: 'std::inner_product::_Unchecked_iterators::_Deprecate': Call to 'std::inner_product' with parameters that may be unsafe - this call relies on the caller to check that the passed values are correct. To disable this warning, use -D_SCL_SECURE_NO_WARNINGS. See documentation on how to use Visual C++ 'Checked Iterators'
  c:\program files (x86)\microsoft visual studio 14.0\vc\include\numeric(110): note: see declaration of 'std::inner_product::_Unchecked_iterators::_Deprecate'
  c:\program files (x86)\microsoft visual studio 14.0\vc\include\numeric(139): note: see reference to function template instantiation '_Ty std::inner_product<_InIt1,_InIt2,_Ty,std::plus<void>,std::multiplies<void>>(_InIt1,_InIt1,_InIt2,_Ty,_Fn21,_Fn22)' being compiled
          with
          [
              _Ty=double,
              _InIt1=double *,
              _InIt2=double *,
              _Fn21=std::plus<void>,
              _Fn22=std::multiplies<void>
          ]
  c:\users\adam\documents\visual studio 2015\projects\ray marcher\vector3.cpp(122): note: see reference to function template instantiation '_Ty std::inner_product<_Ty*,_Ty*,double>(_InIt1,_InIt1,_InIt2,_Ty)' being compiled
          with
          [
              _Ty=double,
              _InIt1=double *,
              _InIt2=double *
          ]
  CollisionInformation.cpp
  Camera.cpp
c:\users\adam\documents\visual studio 2015\projects\ray marcher\vector3.cpp(122): warning C4244: 'initializing': conversion from 'double' to 'float', possible loss of data
c:\users\adam\documents\visual studio 2015\projects\ray marcher\material.cpp(32): warning C4305: '*=': truncation from 'double' to 'float'
c:\program files (x86)\microsoft visual studio 14.0\vc\include\numeric(110): warning C4996: 'std::inner_product::_Unchecked_iterators::_Deprecate': Call to 'std::inner_product' with parameters that may be unsafe - this call relies on the caller to check that the passed values are correct. To disable this warning, use -D_SCL_SECURE_NO_WARNINGS. See documentation on how to use Visual C++ 'Checked Iterators'
  c:\program files (x86)\microsoft visual studio 14.0\vc\include\numeric(110): note: see declaration of 'std::inner_product::_Unchecked_iterators::_Deprecate'
  c:\program files (x86)\microsoft visual studio 14.0\vc\include\numeric(139): note: see reference to function template instantiation '_Ty std::inner_product<_InIt1,_InIt2,_Ty,std::plus<void>,std::multiplies<void>>(_InIt1,_InIt1,_InIt2,_Ty,_Fn21,_Fn22)' being compiled
          with
          [
              _Ty=double,
              _InIt1=double *,
              _InIt2=double *,
              _Fn21=std::plus<void>,
              _Fn22=std::multiplies<void>
          ]
  c:\users\adam\documents\visual studio 2015\projects\ray marcher\vector3.cpp(122): note: see reference to function template instantiation '_Ty std::inner_product<_Ty*,_Ty*,double>(_InIt1,_InIt1,_InIt2,_Ty)' being compiled
          with
          [
              _Ty=double,
              _InIt1=double *,
              _InIt2=double *
          ]
  Generating Code...
c:\users\adam\documents\visual studio 2015\projects\ray marcher\camera.cpp(30): warning C4172: returning address of local variable or temporary
  Ray Marcher.vcxproj -> C:\Users\Adam\Documents\Visual Studio 2015\Projects\Ray Marcher\Debug\Ray Marcher.exe
  Ray Marcher.vcxproj -> C:\Users\Adam\Documents\Visual Studio 2015\Projects\Ray Marcher\Debug\Ray Marcher.pdb (Full PDB)
